{"level":"info","message":"Hello from Acquisitions!","service":"acquisitions-api"}
{"level":"info","message":"Hello from Acquisitions!","service":"acquisitions-api"}
{"level":"info","message":"Hello from Acquisitions!","service":"acquisitions-api"}
{"level":"info","message":"::1 - - [18/Sep/2025:13:37:37 +0000] \"GET / HTTP/1.1\" 304 - \"-\" \"Mozilla/5.0 (Macintosh; Intel Mac OS X 10_15_7) AppleWebKit/537.36 (KHTML, like Gecko) Chrome/140.0.0.0 Safari/537.36\"","service":"acquisitions-api"}
{"level":"info","message":"Hello from Acquisitions!","service":"acquisitions-api"}
{"level":"info","message":"::1 - - [19/Sep/2025:01:10:11 +0000] \"GET / HTTP/1.1\" 304 - \"-\" \"Mozilla/5.0 (Macintosh; Intel Mac OS X 10_15_7) AppleWebKit/537.36 (KHTML, like Gecko) Chrome/140.0.0.0 Safari/537.36\"","service":"acquisitions-api"}
{"level":"info","message":"Hello from Acquisitions!","service":"acquisitions-api"}
{"level":"info","message":"::1 - - [19/Sep/2025:01:12:44 +0000] \"GET / HTTP/1.1\" 200 24 \"-\" \"HTTPie\"","service":"acquisitions-api"}
{"level":"info","message":"Hello from Acquisitions!","service":"acquisitions-api"}
{"level":"info","message":"::1 - - [19/Sep/2025:01:12:56 +0000] \"GET / HTTP/1.1\" 200 24 \"-\" \"HTTPie\"","service":"acquisitions-api"}
{"level":"info","message":"::1 - - [19/Sep/2025:01:13:10 +0000] \"GET /api HTTP/1.1\" 200 42 \"-\" \"HTTPie\"","service":"acquisitions-api"}
{"level":"info","message":"::1 - - [19/Sep/2025:01:13:23 +0000] \"GET /health HTTP/1.1\" 200 77 \"-\" \"HTTPie\"","service":"acquisitions-api"}
{"level":"info","message":"::1 - - [19/Sep/2025:01:13:47 +0000] \"POST /api/auth/sign-in HTTP/1.1\" 200 31 \"-\" \"HTTPie\"","service":"acquisitions-api"}
{"level":"info","message":"::1 - - [19/Sep/2025:01:47:59 +0000] \"POST /api/auth/sign-up HTTP/1.1\" 200 31 \"-\" \"HTTPie\"","service":"acquisitions-api"}
{"level":"info","message":"::1 - - [19/Sep/2025:01:48:36 +0000] \"POST /api/auth/sign-up HTTP/1.1\" 500 1293 \"-\" \"HTTPie\"","service":"acquisitions-api"}
{"level":"error","message":"Signup error signupSchema is not defined","service":"acquisitions-api","stack":"ReferenceError: signupSchema is not defined\n    at signup (file:///Users/user/WebstormProjects/acquisitions/src/controllers/auth.controller.js:6:34)\n    at Layer.handleRequest (/Users/user/WebstormProjects/acquisitions/node_modules/router/lib/layer.js:152:17)\n    at next (/Users/user/WebstormProjects/acquisitions/node_modules/router/lib/route.js:157:13)\n    at Route.dispatch (/Users/user/WebstormProjects/acquisitions/node_modules/router/lib/route.js:117:3)\n    at handle (/Users/user/WebstormProjects/acquisitions/node_modules/router/index.js:435:11)\n    at Layer.handleRequest (/Users/user/WebstormProjects/acquisitions/node_modules/router/lib/layer.js:152:17)\n    at /Users/user/WebstormProjects/acquisitions/node_modules/router/index.js:295:15\n    at processParams (/Users/user/WebstormProjects/acquisitions/node_modules/router/index.js:582:12)\n    at next (/Users/user/WebstormProjects/acquisitions/node_modules/router/index.js:291:5)\n    at router.handle (/Users/user/WebstormProjects/acquisitions/node_modules/router/index.js:186:3)"}
{"level":"info","message":"::1 - - [19/Sep/2025:01:49:27 +0000] \"POST /api/auth/sign-up HTTP/1.1\" 500 1299 \"-\" \"HTTPie\"","service":"acquisitions-api"}
{"level":"error","message":"Signup error signupSchema is not defined","service":"acquisitions-api","stack":"ReferenceError: signupSchema is not defined\n    at signup (file:///Users/user/WebstormProjects/acquisitions/src/controllers/auth.controller.js:6:34)\n    at Layer.handleRequest (/Users/user/WebstormProjects/acquisitions/node_modules/router/lib/layer.js:152:17)\n    at next (/Users/user/WebstormProjects/acquisitions/node_modules/router/lib/route.js:157:13)\n    at Route.dispatch (/Users/user/WebstormProjects/acquisitions/node_modules/router/lib/route.js:117:3)\n    at handle (/Users/user/WebstormProjects/acquisitions/node_modules/router/index.js:435:11)\n    at Layer.handleRequest (/Users/user/WebstormProjects/acquisitions/node_modules/router/lib/layer.js:152:17)\n    at /Users/user/WebstormProjects/acquisitions/node_modules/router/index.js:295:15\n    at processParams (/Users/user/WebstormProjects/acquisitions/node_modules/router/index.js:582:12)\n    at next (/Users/user/WebstormProjects/acquisitions/node_modules/router/index.js:291:5)\n    at router.handle (/Users/user/WebstormProjects/acquisitions/node_modules/router/index.js:186:3)"}
{"level":"info","message":"::1 - - [19/Sep/2025:01:49:28 +0000] \"POST /api/auth/sign-up HTTP/1.1\" 500 1299 \"-\" \"HTTPie\"","service":"acquisitions-api"}
{"level":"info","message":"::1 - - [19/Sep/2025:01:49:39 +0000] \"POST /api/auth/sign-up HTTP/1.1\" 400 91 \"-\" \"HTTPie\"","service":"acquisitions-api"}
{"level":"info","message":"::1 - - [19/Sep/2025:01:50:39 +0000] \"POST /api/auth/sign-up HTTP/1.1\" 400 143 \"-\" \"HTTPie\"","service":"acquisitions-api"}
{"level":"info","message":"User registered successfully:'hokaho824@gmail.com","service":"acquisitions-api"}
{"level":"info","message":"::1 - - [19/Sep/2025:01:51:30 +0000] \"POST /api/auth/sign-up HTTP/1.1\" 201 104 \"-\" \"HTTPie\"","service":"acquisitions-api"}
{"level":"error","message":"Error creating the user: TypeError: db.select.from is not a function","service":"acquisitions-api"}
{"level":"error","message":"Signup error db.select.from is not a function","service":"acquisitions-api","stack":"TypeError: db.select.from is not a function\n    at createUser (file:///Users/user/WebstormProjects/acquisitions/src/serivces/auth.service.js:18:40)\n    at signup (file:///Users/user/WebstormProjects/acquisitions/src/controllers/auth.controller.js:22:28)\n    at Layer.handleRequest (/Users/user/WebstormProjects/acquisitions/node_modules/router/lib/layer.js:152:17)\n    at next (/Users/user/WebstormProjects/acquisitions/node_modules/router/lib/route.js:157:13)\n    at Route.dispatch (/Users/user/WebstormProjects/acquisitions/node_modules/router/lib/route.js:117:3)\n    at handle (/Users/user/WebstormProjects/acquisitions/node_modules/router/index.js:435:11)\n    at Layer.handleRequest (/Users/user/WebstormProjects/acquisitions/node_modules/router/lib/layer.js:152:17)\n    at /Users/user/WebstormProjects/acquisitions/node_modules/router/index.js:295:15\n    at processParams (/Users/user/WebstormProjects/acquisitions/node_modules/router/index.js:582:12)\n    at next (/Users/user/WebstormProjects/acquisitions/node_modules/router/index.js:291:5)"}
{"level":"info","message":"::1 - - [19/Sep/2025:02:09:21 +0000] \"POST /api/auth/sign-up HTTP/1.1\" 500 1304 \"-\" \"HTTPie\"","service":"acquisitions-api"}
{"level":"error","message":"Error creating the user: TypeError: db.select.form is not a function","service":"acquisitions-api"}
{"level":"error","message":"Signup error db.select.form is not a function","service":"acquisitions-api","stack":"TypeError: db.select.form is not a function\n    at createUser (file:///Users/user/WebstormProjects/acquisitions/src/serivces/auth.service.js:18:40)\n    at signup (file:///Users/user/WebstormProjects/acquisitions/src/controllers/auth.controller.js:22:28)\n    at Layer.handleRequest (/Users/user/WebstormProjects/acquisitions/node_modules/router/lib/layer.js:152:17)\n    at next (/Users/user/WebstormProjects/acquisitions/node_modules/router/lib/route.js:157:13)\n    at Route.dispatch (/Users/user/WebstormProjects/acquisitions/node_modules/router/lib/route.js:117:3)\n    at handle (/Users/user/WebstormProjects/acquisitions/node_modules/router/index.js:435:11)\n    at Layer.handleRequest (/Users/user/WebstormProjects/acquisitions/node_modules/router/lib/layer.js:152:17)\n    at /Users/user/WebstormProjects/acquisitions/node_modules/router/index.js:295:15\n    at processParams (/Users/user/WebstormProjects/acquisitions/node_modules/router/index.js:582:12)\n    at next (/Users/user/WebstormProjects/acquisitions/node_modules/router/index.js:291:5)"}
{"level":"info","message":"::1 - - [19/Sep/2025:02:09:48 +0000] \"POST /api/auth/sign-up HTTP/1.1\" 500 1304 \"-\" \"HTTPie\"","service":"acquisitions-api"}
{"level":"error","message":"Error creating the user: Error: User already exists","service":"acquisitions-api"}
{"level":"error","message":"Signup error User already exists","service":"acquisitions-api","stack":"Error: User already exists\n    at createUser (file:///Users/user/WebstormProjects/acquisitions/src/serivces/auth.service.js:20:44)\n    at signup (file:///Users/user/WebstormProjects/acquisitions/src/controllers/auth.controller.js:22:28)\n    at Layer.handleRequest (/Users/user/WebstormProjects/acquisitions/node_modules/router/lib/layer.js:152:17)\n    at next (/Users/user/WebstormProjects/acquisitions/node_modules/router/lib/route.js:157:13)\n    at Route.dispatch (/Users/user/WebstormProjects/acquisitions/node_modules/router/lib/route.js:117:3)\n    at handle (/Users/user/WebstormProjects/acquisitions/node_modules/router/index.js:435:11)\n    at Layer.handleRequest (/Users/user/WebstormProjects/acquisitions/node_modules/router/lib/layer.js:152:17)\n    at /Users/user/WebstormProjects/acquisitions/node_modules/router/index.js:295:15\n    at processParams (/Users/user/WebstormProjects/acquisitions/node_modules/router/index.js:582:12)\n    at next (/Users/user/WebstormProjects/acquisitions/node_modules/router/index.js:291:5)"}
{"level":"info","message":"::1 - - [19/Sep/2025:02:10:16 +0000] \"POST /api/auth/sign-up HTTP/1.1\" 500 1287 \"-\" \"HTTPie\"","service":"acquisitions-api"}
{"level":"error","message":"Error creating the user: Error: User already exists","service":"acquisitions-api"}
{"level":"error","message":"Signup error User already exists","service":"acquisitions-api","stack":"Error: User already exists\n    at createUser (file:///Users/user/WebstormProjects/acquisitions/src/serivces/auth.service.js:20:44)\n    at signup (file:///Users/user/WebstormProjects/acquisitions/src/controllers/auth.controller.js:22:28)\n    at Layer.handleRequest (/Users/user/WebstormProjects/acquisitions/node_modules/router/lib/layer.js:152:17)\n    at next (/Users/user/WebstormProjects/acquisitions/node_modules/router/lib/route.js:157:13)\n    at Route.dispatch (/Users/user/WebstormProjects/acquisitions/node_modules/router/lib/route.js:117:3)\n    at handle (/Users/user/WebstormProjects/acquisitions/node_modules/router/index.js:435:11)\n    at Layer.handleRequest (/Users/user/WebstormProjects/acquisitions/node_modules/router/lib/layer.js:152:17)\n    at /Users/user/WebstormProjects/acquisitions/node_modules/router/index.js:295:15\n    at processParams (/Users/user/WebstormProjects/acquisitions/node_modules/router/index.js:582:12)\n    at next (/Users/user/WebstormProjects/acquisitions/node_modules/router/index.js:291:5)"}
{"level":"info","message":"::1 - - [19/Sep/2025:02:10:24 +0000] \"POST /api/auth/sign-up HTTP/1.1\" 500 1287 \"-\" \"HTTPie\"","service":"acquisitions-api"}
{"level":"error","message":"Error creating the user: Error: User already exists","service":"acquisitions-api"}
{"level":"error","message":"Signup error User already exists","service":"acquisitions-api","stack":"Error: User already exists\n    at createUser (file:///Users/user/WebstormProjects/acquisitions/src/serivces/auth.service.js:20:44)\n    at signup (file:///Users/user/WebstormProjects/acquisitions/src/controllers/auth.controller.js:22:28)\n    at Layer.handleRequest (/Users/user/WebstormProjects/acquisitions/node_modules/router/lib/layer.js:152:17)\n    at next (/Users/user/WebstormProjects/acquisitions/node_modules/router/lib/route.js:157:13)\n    at Route.dispatch (/Users/user/WebstormProjects/acquisitions/node_modules/router/lib/route.js:117:3)\n    at handle (/Users/user/WebstormProjects/acquisitions/node_modules/router/index.js:435:11)\n    at Layer.handleRequest (/Users/user/WebstormProjects/acquisitions/node_modules/router/lib/layer.js:152:17)\n    at /Users/user/WebstormProjects/acquisitions/node_modules/router/index.js:295:15\n    at processParams (/Users/user/WebstormProjects/acquisitions/node_modules/router/index.js:582:12)\n    at next (/Users/user/WebstormProjects/acquisitions/node_modules/router/index.js:291:5)"}
{"level":"info","message":"::1 - - [19/Sep/2025:02:10:34 +0000] \"POST /api/auth/sign-up HTTP/1.1\" 500 1287 \"-\" \"HTTPie\"","service":"acquisitions-api"}
{"level":"error","message":"Error creating the user: Error: User already exists","service":"acquisitions-api"}
{"level":"error","message":"Signup error User already exists","service":"acquisitions-api","stack":"Error: User already exists\n    at createUser (file:///Users/user/WebstormProjects/acquisitions/src/serivces/auth.service.js:20:44)\n    at signup (file:///Users/user/WebstormProjects/acquisitions/src/controllers/auth.controller.js:22:28)\n    at Layer.handleRequest (/Users/user/WebstormProjects/acquisitions/node_modules/router/lib/layer.js:152:17)\n    at next (/Users/user/WebstormProjects/acquisitions/node_modules/router/lib/route.js:157:13)\n    at Route.dispatch (/Users/user/WebstormProjects/acquisitions/node_modules/router/lib/route.js:117:3)\n    at handle (/Users/user/WebstormProjects/acquisitions/node_modules/router/index.js:435:11)\n    at Layer.handleRequest (/Users/user/WebstormProjects/acquisitions/node_modules/router/lib/layer.js:152:17)\n    at /Users/user/WebstormProjects/acquisitions/node_modules/router/index.js:295:15\n    at processParams (/Users/user/WebstormProjects/acquisitions/node_modules/router/index.js:582:12)\n    at next (/Users/user/WebstormProjects/acquisitions/node_modules/router/index.js:291:5)"}
{"level":"info","message":"::1 - - [19/Sep/2025:02:10:44 +0000] \"POST /api/auth/sign-up HTTP/1.1\" 500 1287 \"-\" \"HTTPie\"","service":"acquisitions-api"}
{"level":"info","message":"::1 - - [19/Sep/2025:02:11:30 +0000] \"POST /api/auth/sign-up HTTP/1.1\" 400 216 \"-\" \"HTTPie\"","service":"acquisitions-api"}
{"level":"info","message":"::1 - - [19/Sep/2025:02:12:06 +0000] \"POST /api/auth/sign-up HTTP/1.1\" 400 90 \"-\" \"HTTPie\"","service":"acquisitions-api"}
{"level":"error","message":"Error creating the user: Error: User already exists","service":"acquisitions-api"}
{"level":"error","message":"Signup error User already exists","service":"acquisitions-api","stack":"Error: User already exists\n    at createUser (file:///Users/user/WebstormProjects/acquisitions/src/serivces/auth.service.js:20:44)\n    at signup (file:///Users/user/WebstormProjects/acquisitions/src/controllers/auth.controller.js:22:28)\n    at Layer.handleRequest (/Users/user/WebstormProjects/acquisitions/node_modules/router/lib/layer.js:152:17)\n    at next (/Users/user/WebstormProjects/acquisitions/node_modules/router/lib/route.js:157:13)\n    at Route.dispatch (/Users/user/WebstormProjects/acquisitions/node_modules/router/lib/route.js:117:3)\n    at handle (/Users/user/WebstormProjects/acquisitions/node_modules/router/index.js:435:11)\n    at Layer.handleRequest (/Users/user/WebstormProjects/acquisitions/node_modules/router/lib/layer.js:152:17)\n    at /Users/user/WebstormProjects/acquisitions/node_modules/router/index.js:295:15\n    at processParams (/Users/user/WebstormProjects/acquisitions/node_modules/router/index.js:582:12)\n    at next (/Users/user/WebstormProjects/acquisitions/node_modules/router/index.js:291:5)"}
{"level":"info","message":"::1 - - [19/Sep/2025:02:12:14 +0000] \"POST /api/auth/sign-up HTTP/1.1\" 500 1287 \"-\" \"HTTPie\"","service":"acquisitions-api"}
{"level":"error","message":"Error creating the user: Error: User already exists","service":"acquisitions-api"}
{"level":"error","message":"Signup error User already exists","service":"acquisitions-api","stack":"Error: User already exists\n    at createUser (file:///Users/user/WebstormProjects/acquisitions/src/serivces/auth.service.js:20:44)\n    at signup (file:///Users/user/WebstormProjects/acquisitions/src/controllers/auth.controller.js:22:28)\n    at Layer.handleRequest (/Users/user/WebstormProjects/acquisitions/node_modules/router/lib/layer.js:152:17)\n    at next (/Users/user/WebstormProjects/acquisitions/node_modules/router/lib/route.js:157:13)\n    at Route.dispatch (/Users/user/WebstormProjects/acquisitions/node_modules/router/lib/route.js:117:3)\n    at handle (/Users/user/WebstormProjects/acquisitions/node_modules/router/index.js:435:11)\n    at Layer.handleRequest (/Users/user/WebstormProjects/acquisitions/node_modules/router/lib/layer.js:152:17)\n    at /Users/user/WebstormProjects/acquisitions/node_modules/router/index.js:295:15\n    at processParams (/Users/user/WebstormProjects/acquisitions/node_modules/router/index.js:582:12)\n    at next (/Users/user/WebstormProjects/acquisitions/node_modules/router/index.js:291:5)"}
{"level":"info","message":"::1 - - [19/Sep/2025:02:12:20 +0000] \"POST /api/auth/sign-up HTTP/1.1\" 500 1287 \"-\" \"HTTPie\"","service":"acquisitions-api"}
{"level":"error","message":"Error creating the user: Error: User already exists","service":"acquisitions-api"}
{"level":"error","message":"Signup error User already exists","service":"acquisitions-api","stack":"Error: User already exists\n    at createUser (file:///Users/user/WebstormProjects/acquisitions/src/serivces/auth.service.js:20:44)\n    at signup (file:///Users/user/WebstormProjects/acquisitions/src/controllers/auth.controller.js:22:28)\n    at Layer.handleRequest (/Users/user/WebstormProjects/acquisitions/node_modules/router/lib/layer.js:152:17)\n    at next (/Users/user/WebstormProjects/acquisitions/node_modules/router/lib/route.js:157:13)\n    at Route.dispatch (/Users/user/WebstormProjects/acquisitions/node_modules/router/lib/route.js:117:3)\n    at handle (/Users/user/WebstormProjects/acquisitions/node_modules/router/index.js:435:11)\n    at Layer.handleRequest (/Users/user/WebstormProjects/acquisitions/node_modules/router/lib/layer.js:152:17)\n    at /Users/user/WebstormProjects/acquisitions/node_modules/router/index.js:295:15\n    at processParams (/Users/user/WebstormProjects/acquisitions/node_modules/router/index.js:582:12)\n    at next (/Users/user/WebstormProjects/acquisitions/node_modules/router/index.js:291:5)"}
{"level":"info","message":"::1 - - [19/Sep/2025:02:12:21 +0000] \"POST /api/auth/sign-up HTTP/1.1\" 500 1287 \"-\" \"HTTPie\"","service":"acquisitions-api"}
{"level":"error","message":"Error creating the user: Error: User already exists","service":"acquisitions-api"}
{"level":"error","message":"Signup error User already exists","service":"acquisitions-api","stack":"Error: User already exists\n    at createUser (file:///Users/user/WebstormProjects/acquisitions/src/serivces/auth.service.js:20:44)\n    at signup (file:///Users/user/WebstormProjects/acquisitions/src/controllers/auth.controller.js:22:28)\n    at Layer.handleRequest (/Users/user/WebstormProjects/acquisitions/node_modules/router/lib/layer.js:152:17)\n    at next (/Users/user/WebstormProjects/acquisitions/node_modules/router/lib/route.js:157:13)\n    at Route.dispatch (/Users/user/WebstormProjects/acquisitions/node_modules/router/lib/route.js:117:3)\n    at handle (/Users/user/WebstormProjects/acquisitions/node_modules/router/index.js:435:11)\n    at Layer.handleRequest (/Users/user/WebstormProjects/acquisitions/node_modules/router/lib/layer.js:152:17)\n    at /Users/user/WebstormProjects/acquisitions/node_modules/router/index.js:295:15\n    at processParams (/Users/user/WebstormProjects/acquisitions/node_modules/router/index.js:582:12)\n    at next (/Users/user/WebstormProjects/acquisitions/node_modules/router/index.js:291:5)"}
{"level":"info","message":"::1 - - [19/Sep/2025:02:12:21 +0000] \"POST /api/auth/sign-up HTTP/1.1\" 500 1287 \"-\" \"HTTPie\"","service":"acquisitions-api"}
{"level":"error","message":"Error creating the user: TypeError: users.values is not a function","service":"acquisitions-api"}
{"level":"error","message":"Signup error users.values is not a function","service":"acquisitions-api","stack":"TypeError: users.values is not a function\n    at createUser (file:///Users/user/WebstormProjects/acquisitions/src/serivces/auth.service.js:26:14)\n    at async signup (file:///Users/user/WebstormProjects/acquisitions/src/controllers/auth.controller.js:22:22)"}
{"level":"info","message":"::1 - - [19/Sep/2025:02:13:09 +0000] \"POST /api/auth/sign-up HTTP/1.1\" 500 410 \"-\" \"HTTPie\"","service":"acquisitions-api"}
{"level":"info","message":"User kaho239@co.com created successfully.","service":"acquisitions-api"}
{"level":"info","message":"User registered successfully:'kaho239@co.com","service":"acquisitions-api"}
{"level":"info","message":"::1 - - [19/Sep/2025:02:14:29 +0000] \"POST /api/auth/sign-up HTTP/1.1\" 201 99 \"-\" \"HTTPie\"","service":"acquisitions-api"}
{"level":"error","message":"Error authenticating user: Error: User with this email does not exist","service":"acquisitions-api"}
{"level":"error","message":"Signin error User with this email does not exist","service":"acquisitions-api","stack":"Error: User with this email does not exist\n    at authenticateUser (file:///Users/user/WebstormProjects/acquisitions/src/serivces/auth.service.js:30:19)\n    at process.processTicksAndRejections (node:internal/process/task_queues:105:5)\n    at async signin (file:///Users/user/WebstormProjects/acquisitions/src/controllers/auth.controller.js:59:22)"}
{"level":"info","message":"::1 - - [19/Sep/2025:06:14:19 +0000] \"POST /api/auth/sign-in HTTP/1.1\" 401 37 \"-\" \"HTTPie\"","service":"acquisitions-api"}
{"level":"info","message":"User kaho239@co.com authenticated successfully.","service":"acquisitions-api"}
{"level":"info","message":"User signed in successfully: 'kaho239@co.com'","service":"acquisitions-api"}
{"level":"info","message":"::1 - - [19/Sep/2025:06:14:50 +0000] \"POST /api/auth/sign-in HTTP/1.1\" 200 111 \"-\" \"HTTPie\"","service":"acquisitions-api"}
{"level":"info","message":"User signed out successfully","service":"acquisitions-api"}
{"level":"info","message":"::1 - - [19/Sep/2025:06:15:13 +0000] \"POST /api/auth/sign-out HTTP/1.1\" 200 42 \"-\" \"HTTPie\"","service":"acquisitions-api"}
{"level":"info","message":"::1 - - [19/Sep/2025:10:37:17 +0000] \"GET /health HTTP/1.1\" 200 76 \"-\" \"HTTPie\"","service":"acquisitions-api"}
{"level":"info","message":"::1 - - [19/Sep/2025:10:52:01 +0000] \"GET /health HTTP/1.1\" 200 77 \"-\" \"HTTPie\"","service":"acquisitions-api"}
{"level":"info","message":"::1 - - [19/Sep/2025:10:52:01 +0000] \"GET /health HTTP/1.1\" 200 77 \"-\" \"HTTPie\"","service":"acquisitions-api"}
{"level":"info","message":"::1 - - [19/Sep/2025:10:52:02 +0000] \"GET /health HTTP/1.1\" 200 77 \"-\" \"HTTPie\"","service":"acquisitions-api"}
{"level":"info","message":"::1 - - [19/Sep/2025:10:52:02 +0000] \"GET /health HTTP/1.1\" 200 77 \"-\" \"HTTPie\"","service":"acquisitions-api"}
{"level":"info","message":"::1 - - [19/Sep/2025:10:52:02 +0000] \"GET /health HTTP/1.1\" 200 76 \"-\" \"HTTPie\"","service":"acquisitions-api"}
{"ip":"::1","level":"warn","message":"Rate limit locked","path":"/health","service":"acquisitions-api","userAgent":"HTTPie"}
{"level":"info","message":"::1 - - [19/Sep/2025:10:52:02 +0000] \"GET /health HTTP/1.1\" 403 50 \"-\" \"HTTPie\"","service":"acquisitions-api"}
{"ip":"::1","level":"warn","message":"Rate limit locked","path":"/health","service":"acquisitions-api","userAgent":"HTTPie"}
{"level":"info","message":"::1 - - [19/Sep/2025:10:52:02 +0000] \"GET /health HTTP/1.1\" 403 50 \"-\" \"HTTPie\"","service":"acquisitions-api"}
{"ip":"::1","level":"warn","message":"Rate limit locked","path":"/health","service":"acquisitions-api","userAgent":"HTTPie"}
{"level":"info","message":"::1 - - [19/Sep/2025:10:52:02 +0000] \"GET /health HTTP/1.1\" 403 50 \"-\" \"HTTPie\"","service":"acquisitions-api"}
{"ip":"::1","level":"warn","message":"Rate limit locked","path":"/health","service":"acquisitions-api","userAgent":"HTTPie"}
{"level":"info","message":"::1 - - [19/Sep/2025:10:52:03 +0000] \"GET /health HTTP/1.1\" 403 50 \"-\" \"HTTPie\"","service":"acquisitions-api"}
{"ip":"::1","level":"warn","message":"Rate limit locked","path":"/health","service":"acquisitions-api","userAgent":"HTTPie"}
{"level":"info","message":"::1 - - [19/Sep/2025:10:52:03 +0000] \"GET /health HTTP/1.1\" 403 50 \"-\" \"HTTPie\"","service":"acquisitions-api"}
{"ip":"::ffff:192.168.65.1","level":"warn","message":"Bot request locked","path":"/health","service":"acquisitions-api","userAgent":"curl/8.7.1"}
{"level":"info","message":"::ffff:192.168.65.1 - - [20/Sep/2025:03:12:12 +0000] \"GET /health HTTP/1.1\" 403 68 \"-\" \"curl/8.7.1\"","service":"acquisitions-api"}
{"ip":"::ffff:192.168.65.1","level":"warn","message":"Bot request locked","path":"/","service":"acquisitions-api","userAgent":"curl/8.7.1"}
{"level":"info","message":"::ffff:192.168.65.1 - - [20/Sep/2025:03:12:32 +0000] \"GET / HTTP/1.1\" 403 68 \"-\" \"curl/8.7.1\"","service":"acquisitions-api"}
{"level":"info","message":"Hello from Acquisitions!","service":"acquisitions-api"}
{"level":"info","message":"::ffff:192.168.65.1 - - [20/Sep/2025:03:15:55 +0000] \"GET / HTTP/1.1\" 200 24 \"-\" \"Mozilla/5.0 (Macintosh; Intel Mac OS X 10_15_7) AppleWebKit/537.36\"","service":"acquisitions-api"}
{"level":"info","message":"::ffff:192.168.65.1 - - [20/Sep/2025:03:16:02 +0000] \"GET /api HTTP/1.1\" 200 42 \"-\" \"Mozilla/5.0 (Macintosh; Intel Mac OS X 10_15_7) AppleWebKit/537.36\"","service":"acquisitions-api"}
{"level":"info","message":"Hello from Acquisitions!","service":"acquisitions-api"}
{"level":"info","message":"::1 - - [20/Sep/2025:06:34:34 +0000] \"GET / HTTP/1.1\" 304 - \"-\" \"Mozilla/5.0 (Macintosh; Intel Mac OS X 10_15_7) AppleWebKit/537.36 (KHTML, like Gecko) Chrome/140.0.0.0 Safari/537.36\"","service":"acquisitions-api"}
{"level":"info","message":"Getting users...","service":"acquisitions-api"}
{"level":"error","service":"acquisitions-api"}
{"level":"info","message":"::1 - - [20/Sep/2025:06:34:40 +0000] \"GET /api/users HTTP/1.1\" 500 1306 \"-\" \"Mozilla/5.0 (Macintosh; Intel Mac OS X 10_15_7) AppleWebKit/537.36 (KHTML, like Gecko) Chrome/140.0.0.0 Safari/537.36\"","service":"acquisitions-api"}
{"level":"info","message":"Hello from Acquisitions!","service":"acquisitions-api"}
{"level":"info","message":"::1 - - [20/Sep/2025:06:35:42 +0000] \"GET / HTTP/1.1\" 304 - \"-\" \"Mozilla/5.0 (Macintosh; Intel Mac OS X 10_15_7) AppleWebKit/537.36 (KHTML, like Gecko) Chrome/140.0.0.0 Safari/537.36\"","service":"acquisitions-api"}
{"level":"info","message":"::1 - - [20/Sep/2025:06:38:57 +0000] \"GET /api/services HTTP/1.1\" 404 151 \"-\" \"Mozilla/5.0 (Macintosh; Intel Mac OS X 10_15_7) AppleWebKit/537.36 (KHTML, like Gecko) Chrome/140.0.0.0 Safari/537.36\"","service":"acquisitions-api"}
{"level":"info","message":"::1 - - [20/Sep/2025:06:39:31 +0000] \"GET /api/services HTTP/1.1\" 200 38 \"-\" \"Mozilla/5.0 (Macintosh; Intel Mac OS X 10_15_7) AppleWebKit/537.36 (KHTML, like Gecko) Chrome/140.0.0.0 Safari/537.36\"","service":"acquisitions-api"}
{"level":"info","message":"Getting users...","service":"acquisitions-api"}
{"cause":{"name":"NeonDbError","sourceError":{}},"level":"error","message":"Error getting users Failed query: select \"id\", \"email\", \"name\", \"role\", \"created_at\", \"updated_at\" from \"users\"\nparams: ","params":[],"query":"select \"id\", \"email\", \"name\", \"role\", \"created_at\", \"updated_at\" from \"users\"","service":"acquisitions-api","stack":"Error: Failed query: select \"id\", \"email\", \"name\", \"role\", \"created_at\", \"updated_at\" from \"users\"\nparams: \n    at NeonHttpPreparedQuery.queryWithCache (file:///Users/user/WebstormProjects/acquisitions/node_modules/drizzle-orm/pg-core/session.js:41:15)\n    at process.processTicksAndRejections (node:internal/process/task_queues:105:5)\n    at async NeonHttpPreparedQuery.execute (file:///Users/user/WebstormProjects/acquisitions/node_modules/drizzle-orm/neon-http/session.js:45:20)\n    at async getAllUsers (file:///Users/user/WebstormProjects/acquisitions/src/services/users.services.js:7:16)\n    at async fetchAllUsers (file:///Users/user/WebstormProjects/acquisitions/src/controllers/users.controller.js:8:26)"}
{"level":"error","service":"acquisitions-api"}
{"level":"info","message":"::1 - - [20/Sep/2025:06:41:13 +0000] \"GET /api/users HTTP/1.1\" 500 510 \"-\" \"Mozilla/5.0 (Macintosh; Intel Mac OS X 10_15_7) AppleWebKit/537.36 (KHTML, like Gecko) Chrome/140.0.0.0 Safari/537.36\"","service":"acquisitions-api"}
{"level":"info","message":"Getting users...","service":"acquisitions-api"}
{"cause":{"name":"NeonDbError","sourceError":{}},"level":"error","message":"Error getting users Failed query: select \"id\", \"email\", \"name\", \"role\", \"created_at\", \"updated_at\" from \"users\"\nparams: ","params":[],"query":"select \"id\", \"email\", \"name\", \"role\", \"created_at\", \"updated_at\" from \"users\"","service":"acquisitions-api","stack":"Error: Failed query: select \"id\", \"email\", \"name\", \"role\", \"created_at\", \"updated_at\" from \"users\"\nparams: \n    at NeonHttpPreparedQuery.queryWithCache (file:///Users/user/WebstormProjects/acquisitions/node_modules/drizzle-orm/pg-core/session.js:41:15)\n    at process.processTicksAndRejections (node:internal/process/task_queues:105:5)\n    at async NeonHttpPreparedQuery.execute (file:///Users/user/WebstormProjects/acquisitions/node_modules/drizzle-orm/neon-http/session.js:45:20)\n    at async getAllUsers (file:///Users/user/WebstormProjects/acquisitions/src/services/users.services.js:7:16)\n    at async fetchAllUsers (file:///Users/user/WebstormProjects/acquisitions/src/controllers/users.controller.js:8:26)"}
{"level":"error","service":"acquisitions-api"}
{"level":"info","message":"::1 - - [20/Sep/2025:06:42:04 +0000] \"GET /api/users HTTP/1.1\" 500 510 \"-\" \"Mozilla/5.0 (Macintosh; Intel Mac OS X 10_15_7) AppleWebKit/537.36 (KHTML, like Gecko) Chrome/140.0.0.0 Safari/537.36\"","service":"acquisitions-api"}
{"level":"info","message":"Getting users...","service":"acquisitions-api"}
{"cause":{"name":"NeonDbError","sourceError":{}},"level":"error","message":"Error getting users Failed query: select \"id\", \"email\", \"name\", \"role\", \"created_at\", \"updated_at\" from \"users\"\nparams: ","params":[],"query":"select \"id\", \"email\", \"name\", \"role\", \"created_at\", \"updated_at\" from \"users\"","service":"acquisitions-api","stack":"Error: Failed query: select \"id\", \"email\", \"name\", \"role\", \"created_at\", \"updated_at\" from \"users\"\nparams: \n    at NeonHttpPreparedQuery.queryWithCache (file:///Users/user/WebstormProjects/acquisitions/node_modules/drizzle-orm/pg-core/session.js:41:15)\n    at process.processTicksAndRejections (node:internal/process/task_queues:105:5)\n    at async NeonHttpPreparedQuery.execute (file:///Users/user/WebstormProjects/acquisitions/node_modules/drizzle-orm/neon-http/session.js:45:20)\n    at async getAllUsers (file:///Users/user/WebstormProjects/acquisitions/src/services/users.services.js:7:16)\n    at async fetchAllUsers (file:///Users/user/WebstormProjects/acquisitions/src/controllers/users.controller.js:8:26)"}
{"cause":{"name":"NeonDbError","sourceError":{}},"level":"error","params":[],"query":"select \"id\", \"email\", \"name\", \"role\", \"created_at\", \"updated_at\" from \"users\"","service":"acquisitions-api"}
{"level":"info","message":"::1 - - [20/Sep/2025:06:42:26 +0000] \"GET /api/users HTTP/1.1\" 500 977 \"-\" \"Mozilla/5.0 (Macintosh; Intel Mac OS X 10_15_7) AppleWebKit/537.36 (KHTML, like Gecko) Chrome/140.0.0.0 Safari/537.36\"","service":"acquisitions-api"}
{"level":"info","message":"Getting users...","service":"acquisitions-api"}
{"cause":{"name":"NeonDbError","sourceError":{}},"level":"error","message":"Error getting users Failed query: select \"id\", \"email\", \"name\", \"role\", \"created_at\", \"updated_at\" from \"users\"\nparams: ","params":[],"query":"select \"id\", \"email\", \"name\", \"role\", \"created_at\", \"updated_at\" from \"users\"","service":"acquisitions-api","stack":"Error: Failed query: select \"id\", \"email\", \"name\", \"role\", \"created_at\", \"updated_at\" from \"users\"\nparams: \n    at NeonHttpPreparedQuery.queryWithCache (file:///Users/user/WebstormProjects/acquisitions/node_modules/drizzle-orm/pg-core/session.js:41:15)\n    at process.processTicksAndRejections (node:internal/process/task_queues:105:5)\n    at async NeonHttpPreparedQuery.execute (file:///Users/user/WebstormProjects/acquisitions/node_modules/drizzle-orm/neon-http/session.js:45:20)\n    at async getAllUsers (file:///Users/user/WebstormProjects/acquisitions/src/services/users.services.js:7:16)\n    at async fetchAllUsers (file:///Users/user/WebstormProjects/acquisitions/src/controllers/users.controller.js:8:26)"}
{"cause":{"name":"NeonDbError","sourceError":{}},"level":"error","params":[],"query":"select \"id\", \"email\", \"name\", \"role\", \"created_at\", \"updated_at\" from \"users\"","service":"acquisitions-api"}
{"level":"info","message":"::1 - - [20/Sep/2025:06:59:12 +0000] \"GET /api/users HTTP/1.1\" 500 977 \"-\" \"Mozilla/5.0 (Macintosh; Intel Mac OS X 10_15_7) AppleWebKit/537.36 (KHTML, like Gecko) Chrome/140.0.0.0 Safari/537.36\"","service":"acquisitions-api"}
{"level":"info","message":"Getting users...","service":"acquisitions-api"}
{"cause":{"name":"NeonDbError","sourceError":{}},"level":"error","message":"Error getting users Failed query: select \"id\", \"email\", \"name\", \"role\", \"created_at\", \"updated_at\" from \"users\"\nparams: ","params":[],"query":"select \"id\", \"email\", \"name\", \"role\", \"created_at\", \"updated_at\" from \"users\"","service":"acquisitions-api","stack":"Error: Failed query: select \"id\", \"email\", \"name\", \"role\", \"created_at\", \"updated_at\" from \"users\"\nparams: \n    at NeonHttpPreparedQuery.queryWithCache (file:///Users/user/WebstormProjects/acquisitions/node_modules/drizzle-orm/pg-core/session.js:41:15)\n    at process.processTicksAndRejections (node:internal/process/task_queues:105:5)\n    at async NeonHttpPreparedQuery.execute (file:///Users/user/WebstormProjects/acquisitions/node_modules/drizzle-orm/neon-http/session.js:45:20)\n    at async getAllUsers (file:///Users/user/WebstormProjects/acquisitions/src/services/users.services.js:7:16)\n    at async fetchAllUsers (file:///Users/user/WebstormProjects/acquisitions/src/controllers/users.controller.js:8:26)"}
{"cause":{"name":"NeonDbError","sourceError":{}},"level":"error","params":[],"query":"select \"id\", \"email\", \"name\", \"role\", \"created_at\", \"updated_at\" from \"users\"","service":"acquisitions-api"}
{"level":"info","message":"::1 - - [20/Sep/2025:06:59:27 +0000] \"GET /api/users HTTP/1.1\" 500 977 \"-\" \"Mozilla/5.0 (Macintosh; Intel Mac OS X 10_15_7) AppleWebKit/537.36 (KHTML, like Gecko) Chrome/140.0.0.0 Safari/537.36\"","service":"acquisitions-api"}
{"level":"info","message":"Hello from Acquisitions!","service":"acquisitions-api"}
{"level":"info","message":"::1 - - [20/Sep/2025:06:59:29 +0000] \"GET / HTTP/1.1\" 304 - \"-\" \"Mozilla/5.0 (Macintosh; Intel Mac OS X 10_15_7) AppleWebKit/537.36 (KHTML, like Gecko) Chrome/140.0.0.0 Safari/537.36\"","service":"acquisitions-api"}
{"level":"info","message":"Getting users...","service":"acquisitions-api"}
{"cause":{"name":"NeonDbError","sourceError":{}},"level":"error","message":"Error getting users Failed query: select \"id\", \"email\", \"name\", \"role\", \"created_at\", \"updated_at\" from \"users\"\nparams: ","params":[],"query":"select \"id\", \"email\", \"name\", \"role\", \"created_at\", \"updated_at\" from \"users\"","service":"acquisitions-api","stack":"Error: Failed query: select \"id\", \"email\", \"name\", \"role\", \"created_at\", \"updated_at\" from \"users\"\nparams: \n    at NeonHttpPreparedQuery.queryWithCache (file:///Users/user/WebstormProjects/acquisitions/node_modules/drizzle-orm/pg-core/session.js:41:15)\n    at process.processTicksAndRejections (node:internal/process/task_queues:105:5)\n    at async NeonHttpPreparedQuery.execute (file:///Users/user/WebstormProjects/acquisitions/node_modules/drizzle-orm/neon-http/session.js:45:20)\n    at async getAllUsers (file:///Users/user/WebstormProjects/acquisitions/src/services/users.services.js:7:16)\n    at async fetchAllUsers (file:///Users/user/WebstormProjects/acquisitions/src/controllers/users.controller.js:8:26)"}
{"cause":{"name":"NeonDbError","sourceError":{}},"level":"error","params":[],"query":"select \"id\", \"email\", \"name\", \"role\", \"created_at\", \"updated_at\" from \"users\"","service":"acquisitions-api"}
{"level":"info","message":"::1 - - [20/Sep/2025:06:59:36 +0000] \"GET /api/users HTTP/1.1\" 500 977 \"-\" \"Mozilla/5.0 (Macintosh; Intel Mac OS X 10_15_7) AppleWebKit/537.36 (KHTML, like Gecko) Chrome/140.0.0.0 Safari/537.36\"","service":"acquisitions-api"}
{"level":"info","message":"Getting users...","service":"acquisitions-api"}
{"cause":{"name":"NeonDbError","sourceError":{}},"level":"error","message":"Error getting users Failed query: select \"id\", \"email\", \"name\", \"role\", \"created_at\", \"updated_at\" from \"users\"\nparams: ","params":[],"query":"select \"id\", \"email\", \"name\", \"role\", \"created_at\", \"updated_at\" from \"users\"","service":"acquisitions-api","stack":"Error: Failed query: select \"id\", \"email\", \"name\", \"role\", \"created_at\", \"updated_at\" from \"users\"\nparams: \n    at NeonHttpPreparedQuery.queryWithCache (file:///Users/user/WebstormProjects/acquisitions/node_modules/drizzle-orm/pg-core/session.js:41:15)\n    at process.processTicksAndRejections (node:internal/process/task_queues:105:5)\n    at async NeonHttpPreparedQuery.execute (file:///Users/user/WebstormProjects/acquisitions/node_modules/drizzle-orm/neon-http/session.js:45:20)\n    at async getAllUsers (file:///Users/user/WebstormProjects/acquisitions/src/services/users.services.js:7:16)\n    at async fetchAllUsers (file:///Users/user/WebstormProjects/acquisitions/src/controllers/users.controller.js:8:26)"}
{"cause":{"name":"NeonDbError","sourceError":{}},"level":"error","params":[],"query":"select \"id\", \"email\", \"name\", \"role\", \"created_at\", \"updated_at\" from \"users\"","service":"acquisitions-api"}
{"level":"info","message":"::1 - - [20/Sep/2025:07:01:04 +0000] \"GET /api/users HTTP/1.1\" 500 977 \"-\" \"Mozilla/5.0 (Macintosh; Intel Mac OS X 10_15_7) AppleWebKit/537.36 (KHTML, like Gecko) Chrome/140.0.0.0 Safari/537.36\"","service":"acquisitions-api"}
{"level":"info","message":"Getting users...","service":"acquisitions-api"}
{"cause":{"name":"NeonDbError","sourceError":{}},"level":"error","message":"Error getting users Failed query: select \"id\", \"email\", \"name\", \"role\", \"created_at\", \"updated_at\" from \"users\"\nparams: ","params":[],"query":"select \"id\", \"email\", \"name\", \"role\", \"created_at\", \"updated_at\" from \"users\"","service":"acquisitions-api","stack":"Error: Failed query: select \"id\", \"email\", \"name\", \"role\", \"created_at\", \"updated_at\" from \"users\"\nparams: \n    at NeonHttpPreparedQuery.queryWithCache (file:///Users/user/WebstormProjects/acquisitions/node_modules/drizzle-orm/pg-core/session.js:41:15)\n    at process.processTicksAndRejections (node:internal/process/task_queues:105:5)\n    at async NeonHttpPreparedQuery.execute (file:///Users/user/WebstormProjects/acquisitions/node_modules/drizzle-orm/neon-http/session.js:45:20)\n    at async getAllUsers (file:///Users/user/WebstormProjects/acquisitions/src/services/users.services.js:7:16)\n    at async fetchAllUsers (file:///Users/user/WebstormProjects/acquisitions/src/controllers/users.controller.js:8:26)"}
{"cause":{"name":"NeonDbError","sourceError":{}},"level":"error","params":[],"query":"select \"id\", \"email\", \"name\", \"role\", \"created_at\", \"updated_at\" from \"users\"","service":"acquisitions-api"}
{"level":"info","message":"::1 - - [20/Sep/2025:07:18:08 +0000] \"GET /api/users HTTP/1.1\" 500 977 \"-\" \"Mozilla/5.0 (Macintosh; Intel Mac OS X 10_15_7) AppleWebKit/537.36 (KHTML, like Gecko) Chrome/140.0.0.0 Safari/537.36\"","service":"acquisitions-api"}
{"level":"info","message":"Getting users...","service":"acquisitions-api"}
{"cause":{"name":"NeonDbError","sourceError":{}},"level":"error","message":"Error getting users Failed query: select \"id\", \"email\", \"name\", \"role\", \"created_at\", \"updated_at\" from \"users\"\nparams: ","params":[],"query":"select \"id\", \"email\", \"name\", \"role\", \"created_at\", \"updated_at\" from \"users\"","service":"acquisitions-api","stack":"Error: Failed query: select \"id\", \"email\", \"name\", \"role\", \"created_at\", \"updated_at\" from \"users\"\nparams: \n    at NeonHttpPreparedQuery.queryWithCache (file:///Users/user/WebstormProjects/acquisitions/node_modules/drizzle-orm/pg-core/session.js:41:15)\n    at process.processTicksAndRejections (node:internal/process/task_queues:105:5)\n    at async NeonHttpPreparedQuery.execute (file:///Users/user/WebstormProjects/acquisitions/node_modules/drizzle-orm/neon-http/session.js:45:20)\n    at async getAllUsers (file:///Users/user/WebstormProjects/acquisitions/src/services/users.services.js:7:16)\n    at async fetchAllUsers (file:///Users/user/WebstormProjects/acquisitions/src/controllers/users.controller.js:8:26)"}
{"cause":{"name":"NeonDbError","sourceError":{}},"level":"error","params":[],"query":"select \"id\", \"email\", \"name\", \"role\", \"created_at\", \"updated_at\" from \"users\"","service":"acquisitions-api"}
{"level":"info","message":"::1 - - [20/Sep/2025:07:19:00 +0000] \"GET /api/users HTTP/1.1\" 500 977 \"-\" \"Mozilla/5.0 (Macintosh; Intel Mac OS X 10_15_7) AppleWebKit/537.36 (KHTML, like Gecko) Chrome/140.0.0.0 Safari/537.36\"","service":"acquisitions-api"}
{"level":"info","message":"Getting users...","service":"acquisitions-api"}
{"cause":{"name":"NeonDbError","sourceError":{}},"level":"error","message":"Error getting users Failed query: select \"id\", \"email\", \"name\", \"role\", \"created_at\", \"updated_at\" from \"users\"\nparams: ","params":[],"query":"select \"id\", \"email\", \"name\", \"role\", \"created_at\", \"updated_at\" from \"users\"","service":"acquisitions-api","stack":"Error: Failed query: select \"id\", \"email\", \"name\", \"role\", \"created_at\", \"updated_at\" from \"users\"\nparams: \n    at NeonHttpPreparedQuery.queryWithCache (file:///Users/user/WebstormProjects/acquisitions/node_modules/drizzle-orm/pg-core/session.js:41:15)\n    at process.processTicksAndRejections (node:internal/process/task_queues:105:5)\n    at async NeonHttpPreparedQuery.execute (file:///Users/user/WebstormProjects/acquisitions/node_modules/drizzle-orm/neon-http/session.js:45:20)\n    at async getAllUsers (file:///Users/user/WebstormProjects/acquisitions/src/services/users.services.js:7:16)\n    at async fetchAllUsers (file:///Users/user/WebstormProjects/acquisitions/src/controllers/users.controller.js:8:26)"}
{"cause":{"name":"NeonDbError","sourceError":{}},"level":"error","params":[],"query":"select \"id\", \"email\", \"name\", \"role\", \"created_at\", \"updated_at\" from \"users\"","service":"acquisitions-api"}
{"level":"info","message":"::1 - - [20/Sep/2025:07:19:01 +0000] \"GET /api/users HTTP/1.1\" 500 977 \"-\" \"Mozilla/5.0 (Macintosh; Intel Mac OS X 10_15_7) AppleWebKit/537.36 (KHTML, like Gecko) Chrome/140.0.0.0 Safari/537.36\"","service":"acquisitions-api"}
{"level":"info","message":"Getting users...","service":"acquisitions-api"}
{"cause":{"name":"NeonDbError","sourceError":{}},"level":"error","message":"Error getting users Failed query: select \"id\", \"email\", \"name\", \"role\", \"created_at\", \"updated_at\" from \"users\"\nparams: ","params":[],"query":"select \"id\", \"email\", \"name\", \"role\", \"created_at\", \"updated_at\" from \"users\"","service":"acquisitions-api","stack":"Error: Failed query: select \"id\", \"email\", \"name\", \"role\", \"created_at\", \"updated_at\" from \"users\"\nparams: \n    at NeonHttpPreparedQuery.queryWithCache (file:///Users/user/WebstormProjects/acquisitions/node_modules/drizzle-orm/pg-core/session.js:41:15)\n    at process.processTicksAndRejections (node:internal/process/task_queues:105:5)\n    at async NeonHttpPreparedQuery.execute (file:///Users/user/WebstormProjects/acquisitions/node_modules/drizzle-orm/neon-http/session.js:45:20)\n    at async getAllUsers (file:///Users/user/WebstormProjects/acquisitions/src/services/users.services.js:7:16)\n    at async fetchAllUsers (file:///Users/user/WebstormProjects/acquisitions/src/controllers/users.controller.js:8:26)"}
{"cause":{"name":"NeonDbError","sourceError":{}},"level":"error","params":[],"query":"select \"id\", \"email\", \"name\", \"role\", \"created_at\", \"updated_at\" from \"users\"","service":"acquisitions-api"}
{"level":"info","message":"::1 - - [20/Sep/2025:07:20:35 +0000] \"GET /api/users HTTP/1.1\" 500 977 \"-\" \"Mozilla/5.0 (Macintosh; Intel Mac OS X 10_15_7) AppleWebKit/537.36 (KHTML, like Gecko) Chrome/140.0.0.0 Safari/537.36\"","service":"acquisitions-api"}
{"level":"info","message":"Getting users...","service":"acquisitions-api"}
{"cause":{"name":"NeonDbError","sourceError":{}},"level":"error","message":"Error getting users Failed query: select \"id\", \"email\", \"name\", \"role\", \"created_at\", \"updated_at\" from \"users\"\nparams: ","params":[],"query":"select \"id\", \"email\", \"name\", \"role\", \"created_at\", \"updated_at\" from \"users\"","service":"acquisitions-api","stack":"Error: Failed query: select \"id\", \"email\", \"name\", \"role\", \"created_at\", \"updated_at\" from \"users\"\nparams: \n    at NeonHttpPreparedQuery.queryWithCache (file:///Users/user/WebstormProjects/acquisitions/node_modules/drizzle-orm/pg-core/session.js:41:15)\n    at process.processTicksAndRejections (node:internal/process/task_queues:105:5)\n    at async NeonHttpPreparedQuery.execute (file:///Users/user/WebstormProjects/acquisitions/node_modules/drizzle-orm/neon-http/session.js:45:20)\n    at async getAllUsers (file:///Users/user/WebstormProjects/acquisitions/src/services/users.services.js:7:16)\n    at async fetchAllUsers (file:///Users/user/WebstormProjects/acquisitions/src/controllers/users.controller.js:8:26)"}
{"cause":{"name":"NeonDbError","sourceError":{}},"level":"error","params":[],"query":"select \"id\", \"email\", \"name\", \"role\", \"created_at\", \"updated_at\" from \"users\"","service":"acquisitions-api"}
{"level":"info","message":"::1 - - [20/Sep/2025:07:20:37 +0000] \"GET /api/users HTTP/1.1\" 500 977 \"-\" \"Mozilla/5.0 (Macintosh; Intel Mac OS X 10_15_7) AppleWebKit/537.36 (KHTML, like Gecko) Chrome/140.0.0.0 Safari/537.36\"","service":"acquisitions-api"}
{"level":"info","message":"Getting users...","service":"acquisitions-api"}
{"cause":{"name":"NeonDbError","sourceError":{}},"level":"error","message":"Error getting users Failed query: select \"id\", \"email\", \"name\", \"role\", \"created_at\", \"updated_at\" from \"users\"\nparams: ","params":[],"query":"select \"id\", \"email\", \"name\", \"role\", \"created_at\", \"updated_at\" from \"users\"","service":"acquisitions-api","stack":"Error: Failed query: select \"id\", \"email\", \"name\", \"role\", \"created_at\", \"updated_at\" from \"users\"\nparams: \n    at NeonHttpPreparedQuery.queryWithCache (file:///Users/user/WebstormProjects/acquisitions/node_modules/drizzle-orm/pg-core/session.js:41:15)\n    at process.processTicksAndRejections (node:internal/process/task_queues:105:5)\n    at async NeonHttpPreparedQuery.execute (file:///Users/user/WebstormProjects/acquisitions/node_modules/drizzle-orm/neon-http/session.js:45:20)\n    at async getAllUsers (file:///Users/user/WebstormProjects/acquisitions/src/services/users.services.js:7:16)\n    at async fetchAllUsers (file:///Users/user/WebstormProjects/acquisitions/src/controllers/users.controller.js:8:26)"}
{"cause":{"name":"NeonDbError","sourceError":{}},"level":"error","params":[],"query":"select \"id\", \"email\", \"name\", \"role\", \"created_at\", \"updated_at\" from \"users\"","service":"acquisitions-api"}
{"level":"info","message":"::1 - - [20/Sep/2025:07:20:49 +0000] \"GET /api/users HTTP/1.1\" 500 977 \"-\" \"Mozilla/5.0 (Macintosh; Intel Mac OS X 10_15_7) AppleWebKit/537.36 (KHTML, like Gecko) Chrome/140.0.0.0 Safari/537.36\"","service":"acquisitions-api"}
{"level":"info","message":"Getting users...","service":"acquisitions-api"}
{"cause":{"name":"NeonDbError","sourceError":{}},"level":"error","message":"Error getting users Failed query: select \"id\", \"email\", \"name\", \"role\", \"created_at\", \"updated_at\" from \"users\"\nparams: ","params":[],"query":"select \"id\", \"email\", \"name\", \"role\", \"created_at\", \"updated_at\" from \"users\"","service":"acquisitions-api","stack":"Error: Failed query: select \"id\", \"email\", \"name\", \"role\", \"created_at\", \"updated_at\" from \"users\"\nparams: \n    at NeonHttpPreparedQuery.queryWithCache (file:///Users/user/WebstormProjects/acquisitions/node_modules/drizzle-orm/pg-core/session.js:41:15)\n    at process.processTicksAndRejections (node:internal/process/task_queues:105:5)\n    at async NeonHttpPreparedQuery.execute (file:///Users/user/WebstormProjects/acquisitions/node_modules/drizzle-orm/neon-http/session.js:45:20)\n    at async getAllUsers (file:///Users/user/WebstormProjects/acquisitions/src/services/users.services.js:7:16)\n    at async fetchAllUsers (file:///Users/user/WebstormProjects/acquisitions/src/controllers/users.controller.js:8:26)"}
{"cause":{"name":"NeonDbError","sourceError":{}},"level":"error","params":[],"query":"select \"id\", \"email\", \"name\", \"role\", \"created_at\", \"updated_at\" from \"users\"","service":"acquisitions-api"}
{"level":"info","message":"::1 - - [20/Sep/2025:07:22:41 +0000] \"GET /api/users HTTP/1.1\" 500 977 \"-\" \"Mozilla/5.0 (Macintosh; Intel Mac OS X 10_15_7) AppleWebKit/537.36 (KHTML, like Gecko) Chrome/140.0.0.0 Safari/537.36\"","service":"acquisitions-api"}
{"level":"info","message":"Getting users...","service":"acquisitions-api"}
{"cause":{"name":"NeonDbError","sourceError":{}},"level":"error","message":"Error getting users Failed query: select \"id\", \"email\", \"name\", \"role\", \"created_at\", \"updated_at\" from \"users\"\nparams: ","params":[],"query":"select \"id\", \"email\", \"name\", \"role\", \"created_at\", \"updated_at\" from \"users\"","service":"acquisitions-api","stack":"Error: Failed query: select \"id\", \"email\", \"name\", \"role\", \"created_at\", \"updated_at\" from \"users\"\nparams: \n    at NeonHttpPreparedQuery.queryWithCache (file:///Users/user/WebstormProjects/acquisitions/node_modules/drizzle-orm/pg-core/session.js:41:15)\n    at process.processTicksAndRejections (node:internal/process/task_queues:105:5)\n    at async NeonHttpPreparedQuery.execute (file:///Users/user/WebstormProjects/acquisitions/node_modules/drizzle-orm/neon-http/session.js:45:20)\n    at async getAllUsers (file:///Users/user/WebstormProjects/acquisitions/src/services/users.services.js:7:16)\n    at async fetchAllUsers (file:///Users/user/WebstormProjects/acquisitions/src/controllers/users.controller.js:8:26)"}
{"cause":{"name":"NeonDbError","sourceError":{}},"level":"error","params":[],"query":"select \"id\", \"email\", \"name\", \"role\", \"created_at\", \"updated_at\" from \"users\"","service":"acquisitions-api"}
{"level":"info","message":"::1 - - [20/Sep/2025:07:22:52 +0000] \"GET /api/users HTTP/1.1\" 500 977 \"-\" \"Mozilla/5.0 (Macintosh; Intel Mac OS X 10_15_7) AppleWebKit/537.36 (KHTML, like Gecko) Chrome/140.0.0.0 Safari/537.36\"","service":"acquisitions-api"}
{"level":"info","message":"Getting users...","service":"acquisitions-api"}
{"cause":{"name":"NeonDbError","sourceError":{"cause":{"code":"ENOTFOUND","errno":-3008,"hostname":"neom-local","syscall":"getaddrinfo"}}},"level":"error","message":"Error getting users Failed query: select \"id\", \"email\", \"name\", \"role\", \"created_at\", \"updated_at\" from \"users\"\nparams: ","params":[],"query":"select \"id\", \"email\", \"name\", \"role\", \"created_at\", \"updated_at\" from \"users\"","service":"acquisitions-api","stack":"Error: Failed query: select \"id\", \"email\", \"name\", \"role\", \"created_at\", \"updated_at\" from \"users\"\nparams: \n    at NeonHttpPreparedQuery.queryWithCache (file:///app/node_modules/drizzle-orm/pg-core/session.js:41:15)\n    at process.processTicksAndRejections (node:internal/process/task_queues:95:5)\n    at async NeonHttpPreparedQuery.execute (file:///app/node_modules/drizzle-orm/neon-http/session.js:45:20)\n    at async getAllUsers (file:///app/src/services/users.services.js:7:16)\n    at async fetchAllUsers (file:///app/src/controllers/users.controller.js:8:26)"}
{"cause":{"name":"NeonDbError","sourceError":{"cause":{"code":"ENOTFOUND","errno":-3008,"hostname":"neom-local","syscall":"getaddrinfo"}}},"level":"error","params":[],"query":"select \"id\", \"email\", \"name\", \"role\", \"created_at\", \"updated_at\" from \"users\"","service":"acquisitions-api"}
{"level":"info","message":"::ffff:192.168.65.1 - - [20/Sep/2025:07:25:27 +0000] \"GET /api/users HTTP/1.1\" 500 828 \"-\" \"Mozilla/5.0 (Macintosh; Intel Mac OS X 10_15_7) AppleWebKit/537.36 (KHTML, like Gecko) Chrome/140.0.0.0 Safari/537.36\"","service":"acquisitions-api"}
{"level":"info","message":"Hello from Acquisitions!","service":"acquisitions-api"}
{"level":"info","message":"::ffff:192.168.65.1 - - [20/Sep/2025:07:25:30 +0000] \"GET / HTTP/1.1\" 304 - \"-\" \"Mozilla/5.0 (Macintosh; Intel Mac OS X 10_15_7) AppleWebKit/537.36 (KHTML, like Gecko) Chrome/140.0.0.0 Safari/537.36\"","service":"acquisitions-api"}
{"level":"info","message":"Getting users...","service":"acquisitions-api"}
{"cause":{"name":"NeonDbError","sourceError":{"cause":{"code":"ENOTFOUND","errno":-3008,"hostname":"neom-local","syscall":"getaddrinfo"}}},"level":"error","message":"Error getting users Failed query: select \"id\", \"email\", \"name\", \"role\", \"created_at\", \"updated_at\" from \"users\"\nparams: ","params":[],"query":"select \"id\", \"email\", \"name\", \"role\", \"created_at\", \"updated_at\" from \"users\"","service":"acquisitions-api","stack":"Error: Failed query: select \"id\", \"email\", \"name\", \"role\", \"created_at\", \"updated_at\" from \"users\"\nparams: \n    at NeonHttpPreparedQuery.queryWithCache (file:///app/node_modules/drizzle-orm/pg-core/session.js:41:15)\n    at process.processTicksAndRejections (node:internal/process/task_queues:95:5)\n    at async NeonHttpPreparedQuery.execute (file:///app/node_modules/drizzle-orm/neon-http/session.js:45:20)\n    at async getAllUsers (file:///app/src/services/users.services.js:7:16)\n    at async fetchAllUsers (file:///app/src/controllers/users.controller.js:8:26)"}
{"cause":{"name":"NeonDbError","sourceError":{"cause":{"code":"ENOTFOUND","errno":-3008,"hostname":"neom-local","syscall":"getaddrinfo"}}},"level":"error","params":[],"query":"select \"id\", \"email\", \"name\", \"role\", \"created_at\", \"updated_at\" from \"users\"","service":"acquisitions-api"}
{"level":"info","message":"::ffff:192.168.65.1 - - [20/Sep/2025:07:25:35 +0000] \"GET /api/users HTTP/1.1\" 500 828 \"-\" \"Mozilla/5.0 (Macintosh; Intel Mac OS X 10_15_7) AppleWebKit/537.36 (KHTML, like Gecko) Chrome/140.0.0.0 Safari/537.36\"","service":"acquisitions-api"}
{"level":"info","message":"Getting users...","service":"acquisitions-api"}
{"cause":{"name":"NeonDbError","sourceError":{"cause":{"code":"ENOTFOUND","errno":-3008,"hostname":"neom-local","syscall":"getaddrinfo"}}},"level":"error","message":"Error getting users Failed query: select \"id\", \"email\", \"name\", \"role\", \"created_at\", \"updated_at\" from \"users\"\nparams: ","params":[],"query":"select \"id\", \"email\", \"name\", \"role\", \"created_at\", \"updated_at\" from \"users\"","service":"acquisitions-api","stack":"Error: Failed query: select \"id\", \"email\", \"name\", \"role\", \"created_at\", \"updated_at\" from \"users\"\nparams: \n    at NeonHttpPreparedQuery.queryWithCache (file:///app/node_modules/drizzle-orm/pg-core/session.js:41:15)\n    at process.processTicksAndRejections (node:internal/process/task_queues:95:5)\n    at async NeonHttpPreparedQuery.execute (file:///app/node_modules/drizzle-orm/neon-http/session.js:45:20)\n    at async getAllUsers (file:///app/src/services/users.services.js:7:16)\n    at async fetchAllUsers (file:///app/src/controllers/users.controller.js:8:26)"}
{"cause":{"name":"NeonDbError","sourceError":{"cause":{"code":"ENOTFOUND","errno":-3008,"hostname":"neom-local","syscall":"getaddrinfo"}}},"level":"error","params":[],"query":"select \"id\", \"email\", \"name\", \"role\", \"created_at\", \"updated_at\" from \"users\"","service":"acquisitions-api"}
{"level":"info","message":"::ffff:192.168.65.1 - - [20/Sep/2025:07:31:55 +0000] \"GET /api/users HTTP/1.1\" 500 828 \"-\" \"Mozilla/5.0 (Macintosh; Intel Mac OS X 10_15_7) AppleWebKit/537.36 (KHTML, like Gecko) Chrome/140.0.0.0 Safari/537.36\"","service":"acquisitions-api"}
{"level":"info","message":"Hello from Acquisitions!","service":"acquisitions-api"}
{"level":"info","message":"::ffff:192.168.65.1 - - [20/Sep/2025:07:32:01 +0000] \"GET / HTTP/1.1\" 304 - \"-\" \"Mozilla/5.0 (Macintosh; Intel Mac OS X 10_15_7) AppleWebKit/537.36 (KHTML, like Gecko) Chrome/140.0.0.0 Safari/537.36\"","service":"acquisitions-api"}
{"level":"info","message":"Getting users...","service":"acquisitions-api"}
{"cause":{"name":"NeonDbError","sourceError":{"cause":{"code":"ENOTFOUND","errno":-3008,"hostname":"neom-local","syscall":"getaddrinfo"}}},"level":"error","message":"Error getting users Failed query: select \"id\", \"email\", \"name\", \"role\", \"created_at\", \"updated_at\" from \"users\"\nparams: ","params":[],"query":"select \"id\", \"email\", \"name\", \"role\", \"created_at\", \"updated_at\" from \"users\"","service":"acquisitions-api","stack":"Error: Failed query: select \"id\", \"email\", \"name\", \"role\", \"created_at\", \"updated_at\" from \"users\"\nparams: \n    at NeonHttpPreparedQuery.queryWithCache (file:///app/node_modules/drizzle-orm/pg-core/session.js:41:15)\n    at process.processTicksAndRejections (node:internal/process/task_queues:95:5)\n    at async NeonHttpPreparedQuery.execute (file:///app/node_modules/drizzle-orm/neon-http/session.js:45:20)\n    at async getAllUsers (file:///app/src/services/users.services.js:7:16)\n    at async fetchAllUsers (file:///app/src/controllers/users.controller.js:8:26)"}
{"cause":{"name":"NeonDbError","sourceError":{"cause":{"code":"ENOTFOUND","errno":-3008,"hostname":"neom-local","syscall":"getaddrinfo"}}},"level":"error","params":[],"query":"select \"id\", \"email\", \"name\", \"role\", \"created_at\", \"updated_at\" from \"users\"","service":"acquisitions-api"}
{"level":"info","message":"::ffff:192.168.65.1 - - [20/Sep/2025:07:32:08 +0000] \"GET /api/users HTTP/1.1\" 500 828 \"-\" \"Mozilla/5.0 (Macintosh; Intel Mac OS X 10_15_7) AppleWebKit/537.36 (KHTML, like Gecko) Chrome/140.0.0.0 Safari/537.36\"","service":"acquisitions-api"}
{"level":"info","message":"Getting users...","service":"acquisitions-api"}
{"cause":{"name":"NeonDbError","sourceError":{"cause":{"code":"ENOTFOUND","errno":-3008,"hostname":"neom-local","syscall":"getaddrinfo"}}},"level":"error","message":"Error getting users Failed query: select \"id\", \"email\", \"name\", \"role\", \"created_at\", \"updated_at\" from \"users\"\nparams: ","params":[],"query":"select \"id\", \"email\", \"name\", \"role\", \"created_at\", \"updated_at\" from \"users\"","service":"acquisitions-api","stack":"Error: Failed query: select \"id\", \"email\", \"name\", \"role\", \"created_at\", \"updated_at\" from \"users\"\nparams: \n    at NeonHttpPreparedQuery.queryWithCache (file:///app/node_modules/drizzle-orm/pg-core/session.js:41:15)\n    at process.processTicksAndRejections (node:internal/process/task_queues:95:5)\n    at async NeonHttpPreparedQuery.execute (file:///app/node_modules/drizzle-orm/neon-http/session.js:45:20)\n    at async getAllUsers (file:///app/src/services/users.services.js:7:16)\n    at async fetchAllUsers (file:///app/src/controllers/users.controller.js:8:26)"}
{"cause":{"name":"NeonDbError","sourceError":{"cause":{"code":"ENOTFOUND","errno":-3008,"hostname":"neom-local","syscall":"getaddrinfo"}}},"level":"error","params":[],"query":"select \"id\", \"email\", \"name\", \"role\", \"created_at\", \"updated_at\" from \"users\"","service":"acquisitions-api"}
{"level":"info","message":"::ffff:192.168.65.1 - - [20/Sep/2025:07:34:00 +0000] \"GET /api/users HTTP/1.1\" 500 828 \"-\" \"Mozilla/5.0 (Macintosh; Intel Mac OS X 10_15_7) AppleWebKit/537.36 (KHTML, like Gecko) Chrome/140.0.0.0 Safari/537.36\"","service":"acquisitions-api"}
{"level":"info","message":"Getting users...","service":"acquisitions-api"}
{"level":"info","message":"::ffff:192.168.65.1 - - [20/Sep/2025:07:34:42 +0000] \"GET /api/users HTTP/1.1\" 200 205 \"-\" \"Mozilla/5.0 (Macintosh; Intel Mac OS X 10_15_7) AppleWebKit/537.36 (KHTML, like Gecko) Chrome/140.0.0.0 Safari/537.36\"","service":"acquisitions-api"}
{"level":"info","message":"::ffff:192.168.65.1 - - [20/Sep/2025:07:45:31 +0000] \"GET /api/users HTTP/1.1\" 401 61 \"-\" \"Mozilla/5.0 (Macintosh; Intel Mac OS X 10_15_7) AppleWebKit/537.36 (KHTML, like Gecko) Chrome/140.0.0.0 Safari/537.36\"","service":"acquisitions-api"}
{"level":"info","message":"::ffff:192.168.65.1 - - [20/Sep/2025:07:45:33 +0000] \"GET /api/users/1 HTTP/1.1\" 401 61 \"-\" \"Mozilla/5.0 (Macintosh; Intel Mac OS X 10_15_7) AppleWebKit/537.36 (KHTML, like Gecko) Chrome/140.0.0.0 Safari/537.36\"","service":"acquisitions-api"}
{"level":"info","message":"::ffff:192.168.65.1 - - [20/Sep/2025:07:45:40 +0000] \"GET /api/users/1 HTTP/1.1\" 401 61 \"-\" \"Mozilla/5.0 (Macintosh; Intel Mac OS X 10_15_7) AppleWebKit/537.36 (KHTML, like Gecko) Chrome/140.0.0.0 Safari/537.36\"","service":"acquisitions-api"}
{"level":"info","message":"User kaho239@co.com authenticated successfully.","service":"acquisitions-api"}
{"level":"info","message":"User signed in successfully: 'kaho239@co.com'","service":"acquisitions-api"}
{"level":"info","message":"::ffff:192.168.65.1 - - [20/Sep/2025:07:46:47 +0000] \"POST /api/auth/sign-in HTTP/1.1\" 200 111 \"-\" \"HTTPie\"","service":"acquisitions-api"}
{"level":"info","message":"User kaho239@co.com authenticated successfully","service":"acquisitions-api"}
{"level":"info","message":"Getting user by ID: 2","service":"acquisitions-api"}
{"level":"error","message":"Error getting user by ID User not found","service":"acquisitions-api","stack":"Error: User not found\n    at getUserById (file:///app/src/services/users.service.js:34:19)\n    at process.processTicksAndRejections (node:internal/process/task_queues:95:5)\n    at async fetchUserById (file:///app/src/controllers/users.controller.js:37:22)"}
{"level":"error","message":"Error fetching user by ID User not found","service":"acquisitions-api","stack":"Error: User not found\n    at getUserById (file:///app/src/services/users.service.js:34:19)\n    at process.processTicksAndRejections (node:internal/process/task_queues:95:5)\n    at async fetchUserById (file:///app/src/controllers/users.controller.js:37:22)"}
{"level":"info","message":"::ffff:192.168.65.1 - - [20/Sep/2025:07:48:08 +0000] \"GET /api/users/2 HTTP/1.1\" 404 72 \"-\" \"HTTPie\"","service":"acquisitions-api"}
{"level":"info","message":"User kaho239@co.com authenticated successfully","service":"acquisitions-api"}
{"level":"info","message":"Getting user by ID: 1","service":"acquisitions-api"}
{"level":"info","message":"::ffff:192.168.65.1 - - [20/Sep/2025:07:48:13 +0000] \"GET /api/users/1 HTTP/1.1\" 200 191 \"-\" \"HTTPie\"","service":"acquisitions-api"}
{"level":"info","message":"User kaho239@asdf.com created successfully.","service":"acquisitions-api"}
{"level":"info","message":"User registered successfully:'kaho239@asdf.com","service":"acquisitions-api"}
{"level":"info","message":"::ffff:192.168.65.1 - - [20/Sep/2025:07:50:32 +0000] \"POST /api/auth/sign-up HTTP/1.1\" 201 111 \"-\" \"HTTPie\"","service":"acquisitions-api"}
{"level":"info","message":"User kaho239@asdf.com authenticated successfully","service":"acquisitions-api"}
{"level":"info","message":"::ffff:192.168.65.1 - - [20/Sep/2025:07:51:02 +0000] \"POST /api/users/1 HTTP/1.1\" 404 151 \"-\" \"HTTPie\"","service":"acquisitions-api"}
{"level":"info","message":"User kaho239@asdf.com authenticated successfully","service":"acquisitions-api"}
{"level":"info","message":"Deleting user 1","service":"acquisitions-api"}
{"level":"info","message":"User 1 deleted successfully","service":"acquisitions-api"}
{"level":"info","message":"::ffff:192.168.65.1 - - [20/Sep/2025:07:51:09 +0000] \"DELETE /api/users/1 HTTP/1.1\" 200 109 \"-\" \"HTTPie\"","service":"acquisitions-api"}
{"level":"info","message":"User kaho239@asdf.com authenticated successfully","service":"acquisitions-api"}
{"level":"info","message":"Getting users...","service":"acquisitions-api"}
{"level":"info","message":"::ffff:192.168.65.1 - - [20/Sep/2025:07:51:26 +0000] \"GET /api/users HTTP/1.1\" 200 217 \"-\" \"HTTPie\"","service":"acquisitions-api"}
{"level":"info","message":"::ffff:192.168.65.1 - - [20/Sep/2025:08:26:36 +0000] \"GET /api/users HTTP/1.1\" 401 61 \"-\" \"Mozilla/5.0 (Macintosh; Intel Mac OS X 10_15_7) AppleWebKit/537.36 (KHTML, like Gecko) Chrome/140.0.0.0 Safari/537.36\"","service":"acquisitions-api"}
{"level":"info","message":"Hello from Acquisitions!","service":"acquisitions-api"}
{"level":"info","message":"::ffff:192.168.65.1 - - [20/Sep/2025:08:26:40 +0000] \"GET / HTTP/1.1\" 304 - \"-\" \"Mozilla/5.0 (Macintosh; Intel Mac OS X 10_15_7) AppleWebKit/537.36 (KHTML, like Gecko) Chrome/140.0.0.0 Safari/537.36\"","service":"acquisitions-api"}
